INFO:rplidar:Starting motor
INFO:rplidar:Asking for health
INFO:rplidar:starting scan process in normal mode
INFO:root:[SOK] Beste aapning funnet pa 216.421875 grader med avstand 202.0 cm.
INFO:root:[HINDRING] Starter sok etter aapning.
INFO:root:[HINDRING] Aapning foran funnet. Kjorer fremover.
INFO:root:[SOK] Beste aapning funnet pa 50.890625 grader med avstand 202.7 cm.
INFO:root:[HINDRING] Starter sok etter aapning.
WARNING:root:[HINDRING] Timeout i sok. Stopper robot.
INFO:root:[SOK] Beste aapning funnet pa 359.21875 grader med avstand 204.0 cm.
INFO:root:[HINDRING] Starter sok etter aapning.
INFO:rplidar:Stopping scanning
INFO:rplidar:Starting motor
INFO:rplidar:Asking for health
INFO:rplidar:starting scan process in normal mode
INFO:root:[SOK] Beste aapning funnet pa 309.125 grader med avstand 191.2 cm.
INFO:root:[HINDRING] Starter sok etter aapning.
INFO:root:[HINDRING] Aapning foran funnet. Kjorer fremover.
INFO:root:[SOK] Beste aapning funnet pa 347.359375 grader med avstand 202.2 cm.
INFO:root:[HINDRING] Starter sok etter aapning.
INFO:root:[HINDRING] Aapning foran funnet. Kjorer fremover.
INFO:root:[SOK] Beste aapning funnet pa 288.5 grader med avstand 203.1 cm.
INFO:root:[HINDRING] Starter sok etter aapning.
INFO:root:[HINDRING] Aapning foran funnet. Kjorer fremover.
INFO:root:[SOK] Beste aapning funnet pa 8.171875 grader med avstand 171.6 cm.
INFO:root:[HINDRING] Starter sok etter aapning.
INFO:root:[HINDRING] Aapning foran funnet. Kjorer fremover.
INFO:root:[SOK] Beste aapning funnet pa 176.09375 grader med avstand 193.6 cm.
INFO:root:[HINDRING] Starter sok etter aapning.
INFO:root:[HINDRING] Aapning foran funnet. Kjorer fremover.
INFO:root:[SOK] Beste aapning funnet pa 135.484375 grader med avstand 177.7 cm.
INFO:root:[HINDRING] Starter sok etter aapning.
INFO:root:[HINDRING] Aapning foran funnet. Kjorer fremover.
INFO:root:[SOK] Beste aapning funnet pa 182.359375 grader med avstand 180.0 cm.
INFO:root:[HINDRING] Starter sok etter aapning.
INFO:root:[HINDRING] Aapning foran funnet. Kjorer fremover.
INFO:root:[SOK] Beste aapning funnet pa 142.703125 grader med avstand 201.1 cm.
INFO:root:[HINDRING] Starter sok etter aapning.
INFO:root:[HINDRING] Aapning foran funnet. Kjorer fremover.
INFO:root:[SOK] Beste aapning funnet pa 171.09375 grader med avstand 201.2 cm.
INFO:root:[HINDRING] Starter sok etter aapning.
INFO:root:[HINDRING] Aapning foran funnet. Kjorer fremover.
INFO:root:[SOK] Beste aapning funnet pa 127.65625 grader med avstand 201.4 cm.
INFO:root:[HINDRING] Starter sok etter aapning.
INFO:root:[HINDRING] Aapning foran funnet. Kjorer fremover.
INFO:root:[SOK] Beste aapning funnet pa 201.875 grader med avstand 201.2 cm.
INFO:root:[HINDRING] Starter sok etter aapning.
INFO:root:[HINDRING] Aapning foran funnet. Kjorer fremover.
INFO:root:[SOK] Beste aapning funnet pa 97.109375 grader med avstand 204.8 cm.
INFO:root:[HINDRING] Starter sok etter aapning.
INFO:rplidar:Starting motor
INFO:rplidar:Asking for health
INFO:rplidar:starting scan process in normal mode
INFO:root:[SOK] Beste aapning funnet pa 178.453125 grader med avstand 196.6 cm.
INFO:root:[HINDRING] Starter sok etter aapning.
INFO:root:[HINDRING] Aapning foran funnet. Kjorer fremover.
INFO:root:[SOK] Beste aapning funnet pa 93.46875 grader med avstand 214.2 cm.
INFO:root:[HINDRING] Starter sok etter aapning.
WARNING:root:[HINDRING] Timeout i sok. Stopper robot.
INFO:root:[SOK] Beste aapning funnet pa 24.0625 grader med avstand 194.5 cm.
INFO:root:[HINDRING] Starter sok etter aapning.
INFO:root:[HINDRING] Aapning foran funnet. Kjorer fremover.
INFO:root:[SOK] Beste aapning funnet pa 246.796875 grader med avstand 192.8 cm.
INFO:root:[HINDRING] Starter sok etter aapning.
INFO:root:[HINDRING] Aapning foran funnet. Kjorer fremover.
INFO:root:[SOK] Beste aapning funnet pa 61.453125 grader med avstand 192.2 cm.
INFO:root:[HINDRING] Starter sok etter aapning.
INFO:root:[HINDRING] Aapning foran funnet. Kjorer fremover.
INFO:root:[SOK] Beste aapning funnet pa 244.4375 grader med avstand 193.2 cm.
INFO:root:[HINDRING] Starter sok etter aapning.
INFO:root:[HINDRING] Aapning foran funnet. Kjorer fremover.
INFO:root:[SOK] Beste aapning funnet pa 66.421875 grader med avstand 193.7 cm.
INFO:root:[HINDRING] Starter sok etter aapning.
INFO:root:[HINDRING] Aapning foran funnet. Kjorer fremover.
INFO:root:[SOK] Beste aapning funnet pa 235.078125 grader med avstand 193.8 cm.
INFO:root:[HINDRING] Starter sok etter aapning.
INFO:root:[HINDRING] Aapning foran funnet. Kjorer fremover.
INFO:root:[SOK] Beste aapning funnet pa 74.265625 grader med avstand 193.6 cm.
INFO:root:[HINDRING] Starter sok etter aapning.
INFO:root:[HINDRING] Aapning foran funnet. Kjorer fremover.
INFO:root:[SOK] Beste aapning funnet pa 230.640625 grader med avstand 197.7 cm.
INFO:root:[HINDRING] Starter sok etter aapning.
INFO:root:[HINDRING] Aapning foran funnet. Kjorer fremover.
INFO:root:[SOK] Beste aapning funnet pa 105.484375 grader med avstand 193.7 cm.
INFO:root:[HINDRING] Starter sok etter aapning.
INFO:root:[HINDRING] Aapning foran funnet. Kjorer fremover.
INFO:root:[SOK] Beste aapning funnet pa 225.375 grader med avstand 197.2 cm.
INFO:root:[HINDRING] Starter sok etter aapning.
INFO:root:[HINDRING] Aapning foran funnet. Kjorer fremover.
INFO:root:[SOK] Beste aapning funnet pa 98.609375 grader med avstand 200.8 cm.
INFO:root:[HINDRING] Starter sok etter aapning.
INFO:root:[HINDRING] Aapning foran funnet. Kjorer fremover.
INFO:root:[SOK] Beste aapning funnet pa 249.765625 grader med avstand 201.9 cm.
INFO:root:[HINDRING] Starter sok etter aapning.
WARNING:root:[HINDRING] Timeout i sok. Stopper robot.
INFO:root:[SOK] Beste aapning funnet pa 237.171875 grader med avstand 197.3 cm.
INFO:root:[HINDRING] Starter sok etter aapning.
INFO:root:[HINDRING] Aapning foran funnet. Kjorer fremover.
INFO:root:[SOK] Beste aapning funnet pa 63.21875 grader med avstand 203.5 cm.
INFO:root:[HINDRING] Starter sok etter aapning.
INFO:root:[HINDRING] Aapning foran funnet. Kjorer fremover.
INFO:root:[SOK] Beste aapning funnet pa 253.140625 grader med avstand 199.1 cm.
INFO:root:[HINDRING] Starter sok etter aapning.
INFO:root:[HINDRING] Aapning foran funnet. Kjorer fremover.
INFO:root:[SOK] Beste aapning funnet pa 64.03125 grader med avstand 199.4 cm.
INFO:root:[HINDRING] Starter sok etter aapning.
INFO:root:[HINDRING] Aapning foran funnet. Kjorer fremover.
INFO:root:[SOK] Beste aapning funnet pa 234.3125 grader med avstand 202.9 cm.
INFO:root:[HINDRING] Starter sok etter aapning.
INFO:root:[HINDRING] Aapning foran funnet. Kjorer fremover.
INFO:root:[SOK] Beste aapning funnet pa 57.140625 grader med avstand 191.1 cm.
INFO:root:[HINDRING] Starter sok etter aapning.
INFO:root:[HINDRING] Aapning foran funnet. Kjorer fremover.
INFO:root:[SOK] Beste aapning funnet pa 232.0 grader med avstand 187.1 cm.
INFO:root:[HINDRING] Starter sok etter aapning.
INFO:root:[HINDRING] Aapning foran funnet. Kjorer fremover.
INFO:root:[SOK] Beste aapning funnet pa 63.453125 grader med avstand 191.2 cm.
INFO:root:[HINDRING] Starter sok etter aapning.
INFO:root:[HINDRING] Aapning foran funnet. Kjorer fremover.
INFO:root:[SOK] Beste aapning funnet pa 263.859375 grader med avstand 193.5 cm.
INFO:root:[HINDRING] Starter sok etter aapning.
INFO:root:[HINDRING] Aapning foran funnet. Kjorer fremover.
INFO:root:[SOK] Beste aapning funnet pa 63.484375 grader med avstand 188.7 cm.
INFO:root:[HINDRING] Starter sok etter aapning.
INFO:root:[HINDRING] Aapning foran funnet. Kjorer fremover.
INFO:root:[SOK] Beste aapning funnet pa 227.046875 grader med avstand 193.6 cm.
INFO:root:[HINDRING] Starter sok etter aapning.
INFO:root:[HINDRING] Aapning foran funnet. Kjorer fremover.
INFO:root:[SOK] Beste aapning funnet pa 79.609375 grader med avstand 189.6 cm.
INFO:root:[HINDRING] Starter sok etter aapning.
INFO:root:[HINDRING] Aapning foran funnet. Kjorer fremover.
INFO:root:[SOK] Beste aapning funnet pa 233.0 grader med avstand 201.5 cm.
INFO:root:[HINDRING] Starter sok etter aapning.
INFO:root:[HINDRING] Aapning foran funnet. Kjorer fremover.
INFO:root:[SOK] Beste aapning funnet pa 60.703125 grader med avstand 192.8 cm.
INFO:root:[HINDRING] Starter sok etter aapning.
INFO:root:[HINDRING] Aapning foran funnet. Kjorer fremover.
INFO:root:[SOK] Beste aapning funnet pa 231.875 grader med avstand 194.1 cm.
INFO:root:[HINDRING] Starter sok etter aapning.
INFO:root:[HINDRING] Aapning foran funnet. Kjorer fremover.
INFO:root:[SOK] Beste aapning funnet pa 85.65625 grader med avstand 196.1 cm.
INFO:root:[HINDRING] Starter sok etter aapning.
INFO:root:[HINDRING] Aapning foran funnet. Kjorer fremover.
INFO:root:[SOK] Beste aapning funnet pa 235.6875 grader med avstand 194.8 cm.
INFO:root:[HINDRING] Starter sok etter aapning.
INFO:root:[HINDRING] Aapning foran funnet. Kjorer fremover.
INFO:root:[SOK] Beste aapning funnet pa 61.890625 grader med avstand 196.8 cm.
INFO:root:[HINDRING] Starter sok etter aapning.
INFO:root:[HINDRING] Aapning foran funnet. Kjorer fremover.
INFO:root:[SOK] Beste aapning funnet pa 231.65625 grader med avstand 198.4 cm.
INFO:root:[HINDRING] Starter sok etter aapning.
INFO:root:[HINDRING] Aapning foran funnet. Kjorer fremover.
INFO:root:[SOK] Beste aapning funnet pa 66.546875 grader med avstand 197.8 cm.
INFO:root:[HINDRING] Starter sok etter aapning.
INFO:root:[HINDRING] Aapning foran funnet. Kjorer fremover.
INFO:root:[SOK] Beste aapning funnet pa 240.796875 grader med avstand 199.9 cm.
INFO:root:[HINDRING] Starter sok etter aapning.
INFO:root:[HINDRING] Aapning foran funnet. Kjorer fremover.
INFO:root:[SOK] Beste aapning funnet pa 51.9375 grader med avstand 203.0 cm.
INFO:root:[HINDRING] Starter sok etter aapning.
INFO:rplidar:Stopping scanning
ERROR:asyncio:Task was destroyed but it is pending!
task: <Task pending name='Task-1' coro=<Kernel.poll_control_queue() running at /usr/lib/python3/dist-packages/ipykernel/kernelbase.py:279> wait_for=<Future finished result=<Future at 0x...state=pending>> cb=[_chain_future.<locals>._call_set_state() at /usr/lib/python3.11/asyncio/futures.py:394]>
